<?xml version="1.0" encoding="UTF-8"?>
<testsuite name="mil.army.moda.vehicle.vehicle.VehicleControllerTest" tests="1" skipped="0" failures="0" errors="0" timestamp="2026-03-06T22:05:27.785Z" hostname="RGCASWFA1523" time="0.992">
  <properties/>
  <testcase name="shouldSaveAVehicle()" classname="mil.army.moda.vehicle.vehicle.VehicleControllerTest" time="0.11"/>
  <system-out><![CDATA[16:05:27.842 [Test worker] INFO org.springframework.test.context.support.AnnotationConfigContextLoaderUtils -- Could not detect default configuration classes for test class [mil.army.moda.vehicle.vehicle.VehicleControllerTest]: VehicleControllerTest does not declare any static, non-private, non-final, nested classes annotated with @Configuration.
16:05:27.892 [Test worker] INFO org.springframework.boot.test.context.SpringBootTestContextBootstrapper -- Found @SpringBootConfiguration mil.army.moda.vehicle.VehicleApplication for test class mil.army.moda.vehicle.vehicle.VehicleControllerTest

  .   ____          _            __ _ _
 /\\ / ___'_ __ _ _(_)_ __  __ _ \ \ \ \
( ( )\___ | '_ | '_| | '_ \/ _` | \ \ \ \
 \\/  ___)| |_)| | | | | || (_| |  ) ) ) )
  '  |____| .__|_| |_|_| |_\__, | / / / /
 =========|_|==============|___/=/_/_/_/

 :: Spring Boot ::                (v4.0.3)

2026-03-06T16:05:28.016-06:00  INFO 62763 --- [vehicle] [    Test worker] m.a.m.v.vehicle.VehicleControllerTest    : Starting VehicleControllerTest using Java 21.0.9 with PID 62763 (started by c2505814 in /Users/c2505814/Desktop/workspace/vehicle)
2026-03-06T16:05:28.017-06:00  INFO 62763 --- [vehicle] [    Test worker] m.a.m.v.vehicle.VehicleControllerTest    : No active profile set, falling back to 1 default profile: "default"
2026-03-06T16:05:28.652-06:00  INFO 62763 --- [vehicle] [    Test worker] o.s.b.t.m.w.SpringBootMockServletContext : Initializing Spring TestDispatcherServlet ''
2026-03-06T16:05:28.653-06:00  INFO 62763 --- [vehicle] [    Test worker] o.s.t.web.servlet.TestDispatcherServlet  : Initializing Servlet ''
2026-03-06T16:05:28.654-06:00  INFO 62763 --- [vehicle] [    Test worker] o.s.t.web.servlet.TestDispatcherServlet  : Completed initialization in 1 ms
2026-03-06T16:05:28.664-06:00  INFO 62763 --- [vehicle] [    Test worker] m.a.m.v.vehicle.VehicleControllerTest    : Started VehicleControllerTest in 0.752 seconds (process running for 1.171)

MockHttpServletRequest:
      HTTP Method = POST
      Request URI = /api/vehicle
       Parameters = {}
          Headers = [Content-Type:"application/json;charset=UTF-8", Content-Length:"113"]
             Body = {"make":"Honda","model":"Civic","year":2023,"mileage":55000,"operator":{"name":"Cameron","age":26,"Id":1},"id":1}
    Session Attrs = {}

Handler:
             Type = mil.army.moda.vehicle.vehicle.VehicleController
           Method = mil.army.moda.vehicle.vehicle.VehicleController#saveVehicle(Vehicle)

Async:
    Async started = false
     Async result = null

Resolved Exception:
             Type = null

ModelAndView:
        View name = null
             View = null
            Model = null

FlashMap:
       Attributes = null

MockHttpServletResponse:
           Status = 201
    Error message = null
          Headers = [Content-Type:"application/json"]
     Content type = application/json
             Body = {"make":"Honda","model":"Civic","year":2023,"mileage":55000,"operator":{"name":"Cameron","age":26,"Id":1},"id":1}
    Forwarded URL = null
   Redirected URL = null
          Cookies = []
]]></system-out>
  <system-err><![CDATA[Mockito is currently self-attaching to enable the inline-mock-maker. This will no longer work in future releases of the JDK. Please add Mockito as an agent to your build as described in Mockito's documentation: https://javadoc.io/doc/org.mockito/mockito-core/latest/org.mockito/org/mockito/Mockito.html#0.3
WARNING: A Java agent has been loaded dynamically (/Users/c2505814/.gradle/caches/modules-2/files-2.1/net.bytebuddy/byte-buddy-agent/1.17.8/f09415827a71be7ed621c7bd02550678f28bc81c/byte-buddy-agent-1.17.8.jar)
WARNING: If a serviceability tool is in use, please run with -XX:+EnableDynamicAgentLoading to hide this warning
WARNING: If a serviceability tool is not in use, please run with -Djdk.instrument.traceUsage for more information
WARNING: Dynamic loading of agents will be disallowed by default in a future release
]]></system-err>
</testsuite>
